{
  "stats": {
    "suites": 13,
    "tests": 46,
    "passes": 45,
    "pending": 0,
    "failures": 1,
    "start": "2023-02-14T11:37:59.472Z",
    "end": "2023-02-14T11:37:59.517Z",
    "duration": 45,
    "testsRegistered": 46,
    "passPercent": 97.82608695652173,
    "pendingPercent": 0,
    "other": 0,
    "hasOther": false,
    "skipped": 0,
    "hasSkipped": false
  },
  "results": [
    {
      "uuid": "30ac6f14-d2d1-420d-9e53-23375b433043",
      "title": "",
      "fullFile": "",
      "file": "",
      "beforeHooks": [],
      "afterHooks": [],
      "tests": [],
      "suites": [
        {
          "uuid": "a9debb89-9b2a-490d-9e3c-1ea93a9abe31",
          "title": "add.js",
          "fullFile": "E:\\MSC-Tampere-University\\Software Testing\\ST Project\\Software-Testing-Project\\test\\add.test.js",
          "file": "\\test\\add.test.js",
          "beforeHooks": [],
          "afterHooks": [],
          "tests": [
            {
              "title": "adds positive numbers",
              "fullTitle": "add.js adds positive numbers",
              "timedOut": false,
              "duration": 1,
              "state": "passed",
              "speed": "fast",
              "pass": true,
              "fail": false,
              "pending": false,
              "context": null,
              "code": "chai.expect(add(30, 20)).to.equal(50)",
              "err": {},
              "uuid": "11278c30-951f-4894-b9c7-669424602b87",
              "parentUUID": "a9debb89-9b2a-490d-9e3c-1ea93a9abe31",
              "isHook": false,
              "skipped": false
            },
            {
              "title": "adds negative numbers",
              "fullTitle": "add.js adds negative numbers",
              "timedOut": false,
              "duration": 0,
              "state": "passed",
              "speed": "fast",
              "pass": true,
              "fail": false,
              "pending": false,
              "context": null,
              "code": "chai.expect(add(-30, -20)).to.equal(-50)",
              "err": {},
              "uuid": "be054a5b-cdcd-42dc-86ea-84f760f2dd90",
              "parentUUID": "a9debb89-9b2a-490d-9e3c-1ea93a9abe31",
              "isHook": false,
              "skipped": false
            },
            {
              "title": "input is empty string",
              "fullTitle": "add.js input is empty string",
              "timedOut": false,
              "duration": 0,
              "state": "passed",
              "speed": "fast",
              "pass": true,
              "fail": false,
              "pending": false,
              "context": null,
              "code": "const augend = Math.floor(Math.random() * 10000 - Math.random() * 10000)\nchai.expect(add(augend, '')).to.equal(augend.toString())",
              "err": {},
              "uuid": "f661ed3f-c3c3-4c03-a107-f75516305163",
              "parentUUID": "a9debb89-9b2a-490d-9e3c-1ea93a9abe31",
              "isHook": false,
              "skipped": false
            }
          ],
          "suites": [],
          "passes": [
            "11278c30-951f-4894-b9c7-669424602b87",
            "be054a5b-cdcd-42dc-86ea-84f760f2dd90",
            "f661ed3f-c3c3-4c03-a107-f75516305163"
          ],
          "failures": [],
          "pending": [],
          "skipped": [],
          "duration": 1,
          "root": false,
          "rootEmpty": false,
          "_timeout": 2000
        },
        {
          "uuid": "6d43799f-471d-4231-8f4c-2caebd87b4ec",
          "title": "capitalize.js",
          "fullFile": "E:\\MSC-Tampere-University\\Software Testing\\ST Project\\Software-Testing-Project\\test\\capitalize.test.js",
          "file": "\\test\\capitalize.test.js",
          "beforeHooks": [],
          "afterHooks": [],
          "tests": [
            {
              "title": "case for correct inputs which should be capitalized",
              "fullTitle": "capitalize.js case for correct inputs which should be capitalized",
              "timedOut": false,
              "duration": 0,
              "state": "passed",
              "speed": "fast",
              "pass": true,
              "fail": false,
              "pending": false,
              "context": null,
              "code": "const cases = [\n  ['Book', 'Book'],\n  ['SOFT', 'Soft'],\n  ['_university', '_university'],\n  ['he is lazy', 'He is lazy'],\n  ['40 glasses', '40 glasses']\n]\ncases.forEach(([input, expected]) => {\n  chai.expect(capitalize(input)).to.equal(expected)\n})",
              "err": {},
              "uuid": "aa8b1fc3-80b5-49ad-b2de-731ff3524174",
              "parentUUID": "6d43799f-471d-4231-8f4c-2caebd87b4ec",
              "isHook": false,
              "skipped": false
            },
            {
              "title": "case for empty string",
              "fullTitle": "capitalize.js case for empty string",
              "timedOut": false,
              "duration": 0,
              "state": "passed",
              "speed": "fast",
              "pass": true,
              "fail": false,
              "pending": false,
              "context": null,
              "code": "chai.expect(capitalize('')).to.equal('')",
              "err": {},
              "uuid": "be3dc8bf-9e63-40a7-8bc1-ca26fe285e29",
              "parentUUID": "6d43799f-471d-4231-8f4c-2caebd87b4ec",
              "isHook": false,
              "skipped": false
            },
            {
              "title": "case for input which is not a string",
              "fullTitle": "capitalize.js case for input which is not a string",
              "timedOut": false,
              "duration": 0,
              "state": "passed",
              "speed": "fast",
              "pass": true,
              "fail": false,
              "pending": false,
              "context": null,
              "code": "const cases = [[null, 'Null'], [undefined, 'Undefined'], [{}, '[object object]'], [123, '123']]\ncases.forEach(([input, expected]) => {\n  chai.expect(capitalize(input)).to.equal(expected)\n})",
              "err": {},
              "uuid": "21e79069-08fc-49c9-b7ff-a22a8dcedc7d",
              "parentUUID": "6d43799f-471d-4231-8f4c-2caebd87b4ec",
              "isHook": false,
              "skipped": false
            }
          ],
          "suites": [],
          "passes": [
            "aa8b1fc3-80b5-49ad-b2de-731ff3524174",
            "be3dc8bf-9e63-40a7-8bc1-ca26fe285e29",
            "21e79069-08fc-49c9-b7ff-a22a8dcedc7d"
          ],
          "failures": [],
          "pending": [],
          "skipped": [],
          "duration": 0,
          "root": false,
          "rootEmpty": false,
          "_timeout": 2000
        },
        {
          "uuid": "76e26cdf-2fb2-4a50-afcf-b927e28882ee",
          "title": "ceil.js ",
          "fullFile": "E:\\MSC-Tampere-University\\Software Testing\\ST Project\\Software-Testing-Project\\test\\ceil.test.js",
          "file": "\\test\\ceil.test.js",
          "beforeHooks": [],
          "afterHooks": [],
          "tests": [
            {
              "title": "test with even number",
              "fullTitle": "ceil.js  test with even number",
              "timedOut": false,
              "duration": 0,
              "state": "passed",
              "speed": "fast",
              "pass": true,
              "fail": false,
              "pending": false,
              "context": null,
              "code": "chai.expect(ceil(2.000)).to.equal(2)",
              "err": {},
              "uuid": "6bb8922a-ed6c-4e3b-a40d-401945df4fcb",
              "parentUUID": "76e26cdf-2fb2-4a50-afcf-b927e28882ee",
              "isHook": false,
              "skipped": false
            },
            {
              "title": "test with integer ",
              "fullTitle": "ceil.js  test with integer ",
              "timedOut": false,
              "duration": 0,
              "state": "passed",
              "speed": "fast",
              "pass": true,
              "fail": false,
              "pending": false,
              "context": null,
              "code": "chai.expect(ceil(1)).to.equal(1)",
              "err": {},
              "uuid": "1753c842-3a35-43cb-9fdc-7bfafd671d47",
              "parentUUID": "76e26cdf-2fb2-4a50-afcf-b927e28882ee",
              "isHook": false,
              "skipped": false
            },
            {
              "title": "test with three decimals rounded up to one decimal",
              "fullTitle": "ceil.js  test with three decimals rounded up to one decimal",
              "timedOut": false,
              "duration": 0,
              "state": "passed",
              "speed": "fast",
              "pass": true,
              "fail": false,
              "pending": false,
              "context": null,
              "code": "chai.expect(ceil(1.234, 1)).to.equal(1.3)",
              "err": {},
              "uuid": "e3966947-2a72-47fc-bedc-4073a2ffcda2",
              "parentUUID": "76e26cdf-2fb2-4a50-afcf-b927e28882ee",
              "isHook": false,
              "skipped": false
            },
            {
              "title": "test with four decimals rounded up to two decimal",
              "fullTitle": "ceil.js  test with four decimals rounded up to two decimal",
              "timedOut": false,
              "duration": 0,
              "state": "passed",
              "speed": "fast",
              "pass": true,
              "fail": false,
              "pending": false,
              "context": null,
              "code": "chai.expect(ceil(7.4999, 2)).to.equal(7.50)",
              "err": {},
              "uuid": "d6e0f39d-6a95-4df6-9130-cda788d8ddd3",
              "parentUUID": "76e26cdf-2fb2-4a50-afcf-b927e28882ee",
              "isHook": false,
              "skipped": false
            },
            {
              "title": "test with negative parameter",
              "fullTitle": "ceil.js  test with negative parameter",
              "timedOut": false,
              "duration": 0,
              "state": "passed",
              "speed": "fast",
              "pass": true,
              "fail": false,
              "pending": false,
              "context": null,
              "code": "chai.expect(ceil(1001.234, -2)).to.equal(1100)",
              "err": {},
              "uuid": "0c5bf75d-8428-447c-bb56-0fe2def1c524",
              "parentUUID": "76e26cdf-2fb2-4a50-afcf-b927e28882ee",
              "isHook": false,
              "skipped": false
            },
            {
              "title": "test integer with negative parameter",
              "fullTitle": "ceil.js  test integer with negative parameter",
              "timedOut": false,
              "duration": 0,
              "state": "passed",
              "speed": "fast",
              "pass": true,
              "fail": false,
              "pending": false,
              "context": null,
              "code": "chai.expect(ceil(2, -2)).to.equal(100)",
              "err": {},
              "uuid": "d43da25e-9b2a-4e32-8aae-4709fe76634a",
              "parentUUID": "76e26cdf-2fb2-4a50-afcf-b927e28882ee",
              "isHook": false,
              "skipped": false
            }
          ],
          "suites": [],
          "passes": [
            "6bb8922a-ed6c-4e3b-a40d-401945df4fcb",
            "1753c842-3a35-43cb-9fdc-7bfafd671d47",
            "e3966947-2a72-47fc-bedc-4073a2ffcda2",
            "d6e0f39d-6a95-4df6-9130-cda788d8ddd3",
            "0c5bf75d-8428-447c-bb56-0fe2def1c524",
            "d43da25e-9b2a-4e32-8aae-4709fe76634a"
          ],
          "failures": [],
          "pending": [],
          "skipped": [],
          "duration": 0,
          "root": false,
          "rootEmpty": false,
          "_timeout": 2000
        },
        {
          "uuid": "d20f84a2-3b34-4a90-8a2c-d9cf7d629e4e",
          "title": "chunk.js",
          "fullFile": "E:\\MSC-Tampere-University\\Software Testing\\ST Project\\Software-Testing-Project\\test\\chunk.test.js",
          "file": "\\test\\chunk.test.js",
          "beforeHooks": [],
          "afterHooks": [],
          "tests": [
            {
              "title": "Null Array Scenario",
              "fullTitle": "chunk.js Null Array Scenario",
              "timedOut": false,
              "duration": 0,
              "state": "passed",
              "speed": "fast",
              "pass": true,
              "fail": false,
              "pending": false,
              "context": null,
              "code": "const output = chunk(null, 1);\nexpect(output).to.be.an('array').that.is.empty;",
              "err": {},
              "uuid": "a72c299d-c5a8-4672-9904-d0f4907457a7",
              "parentUUID": "d20f84a2-3b34-4a90-8a2c-d9cf7d629e4e",
              "isHook": false,
              "skipped": false
            },
            {
              "title": "Array is shorter than chunk size",
              "fullTitle": "chunk.js Array is shorter than chunk size",
              "timedOut": false,
              "duration": 1,
              "state": "failed",
              "speed": null,
              "pass": false,
              "fail": true,
              "pending": false,
              "context": null,
              "code": "const output = chunk(['a', 'b', 'c', 'd'], 6);\nexpect(output).to.equal(['a', 'b', 'c', 'd']);",
              "err": {
                "message": "AssertionError: expected [ [ 'a', 'b', 'c', 'd', …(2) ] ] to equal [ 'a', 'b', 'c', 'd' ]",
                "estack": "AssertionError: expected [ [ 'a', 'b', 'c', 'd', …(2) ] ] to equal [ 'a', 'b', 'c', 'd' ]\n    at Context.<anonymous> (file:///E:/MSC-Tampere-University/Software%20Testing/ST%20Project/Software-Testing-Project/test/chunk.test.js:14:27)\n    at processImmediate (internal/timers.js:464:21)",
                "diff": " [\n-   [\n-     \"a\"\n-     \"b\"\n-     \"c\"\n-     \"d\"\n-     [undefined]\n-     [undefined]\n-   ]\n+   \"a\"\n+   \"b\"\n+   \"c\"\n+   \"d\"\n ]\n"
              },
              "uuid": "f92beba7-d125-4847-bda2-115c1297923a",
              "parentUUID": "d20f84a2-3b34-4a90-8a2c-d9cf7d629e4e",
              "isHook": false,
              "skipped": false
            }
          ],
          "suites": [],
          "passes": [
            "a72c299d-c5a8-4672-9904-d0f4907457a7"
          ],
          "failures": [
            "f92beba7-d125-4847-bda2-115c1297923a"
          ],
          "pending": [],
          "skipped": [],
          "duration": 1,
          "root": false,
          "rootEmpty": false,
          "_timeout": 2000
        },
        {
          "uuid": "d9423504-5505-43f8-92bf-11dfc7425297",
          "title": "filter.js",
          "fullFile": "E:\\MSC-Tampere-University\\Software Testing\\ST Project\\Software-Testing-Project\\test\\filter.test.js",
          "file": "\\test\\filter.test.js",
          "beforeHooks": [],
          "afterHooks": [],
          "tests": [
            {
              "title": "case with simple function result in false element",
              "fullTitle": "filter.js case with simple function result in false element",
              "timedOut": false,
              "duration": 0,
              "state": "passed",
              "speed": "fast",
              "pass": true,
              "fail": false,
              "pending": false,
              "context": null,
              "code": "chai.expect(filter(['euro', 'dollar'], (item, index, array) => item !== 'dollar')).to.deep.equal(['euro'])",
              "err": {},
              "uuid": "69234942-ff9e-46c9-87d8-8a368f032fe2",
              "parentUUID": "d9423504-5505-43f8-92bf-11dfc7425297",
              "isHook": false,
              "skipped": false
            },
            {
              "title": "case with simple function that result in true",
              "fullTitle": "filter.js case with simple function that result in true",
              "timedOut": false,
              "duration": 0,
              "state": "passed",
              "speed": "fast",
              "pass": true,
              "fail": false,
              "pending": false,
              "context": null,
              "code": "chai.expect(filter(['euro'], (item, index, array) => item === 'euro')).to.deep.equal(['euro'])",
              "err": {},
              "uuid": "e033f164-ba2e-4c1f-b197-33dc65299a9d",
              "parentUUID": "d9423504-5505-43f8-92bf-11dfc7425297",
              "isHook": false,
              "skipped": false
            },
            {
              "title": "predicate not being function should throw error",
              "fullTitle": "filter.js predicate not being function should throw error",
              "timedOut": false,
              "duration": 0,
              "state": "passed",
              "speed": "fast",
              "pass": true,
              "fail": false,
              "pending": false,
              "context": null,
              "code": "chai.expect(() => filter([23], 'not func')).to.throw(TypeError)",
              "err": {},
              "uuid": "07a1499f-bb24-4555-80cc-ae96647c2c44",
              "parentUUID": "d9423504-5505-43f8-92bf-11dfc7425297",
              "isHook": false,
              "skipped": false
            }
          ],
          "suites": [],
          "passes": [
            "69234942-ff9e-46c9-87d8-8a368f032fe2",
            "e033f164-ba2e-4c1f-b197-33dc65299a9d",
            "07a1499f-bb24-4555-80cc-ae96647c2c44"
          ],
          "failures": [],
          "pending": [],
          "skipped": [],
          "duration": 0,
          "root": false,
          "rootEmpty": false,
          "_timeout": 2000
        },
        {
          "uuid": "67c69c8b-2e35-4066-ab92-587508a153ed",
          "title": "isDate.js",
          "fullFile": "E:\\MSC-Tampere-University\\Software Testing\\ST Project\\Software-Testing-Project\\test\\isDate.test.js",
          "file": "\\test\\isDate.test.js",
          "beforeHooks": [],
          "afterHooks": [],
          "tests": [
            {
              "title": "verify whether the input is of type Date",
              "fullTitle": "isDate.js verify whether the input is of type Date",
              "timedOut": false,
              "duration": 1,
              "state": "passed",
              "speed": "fast",
              "pass": true,
              "fail": false,
              "pending": false,
              "context": null,
              "code": "chai.expect(isDate(2020,2,29)).to.be.false",
              "err": {},
              "uuid": "dc0664bf-c85d-4282-a8d3-26ce4cf678a3",
              "parentUUID": "67c69c8b-2e35-4066-ab92-587508a153ed",
              "isHook": false,
              "skipped": false
            },
            {
              "title": "poisitve test on isdate",
              "fullTitle": "isDate.js poisitve test on isdate",
              "timedOut": false,
              "duration": 2,
              "state": "passed",
              "speed": "fast",
              "pass": true,
              "fail": false,
              "pending": false,
              "context": null,
              "code": "chai.expect(isDate(new Date(2020,2,29))).to.be.true",
              "err": {},
              "uuid": "089e9c97-d827-4cda-bed7-206990952f82",
              "parentUUID": "67c69c8b-2e35-4066-ab92-587508a153ed",
              "isHook": false,
              "skipped": false
            }
          ],
          "suites": [],
          "passes": [
            "dc0664bf-c85d-4282-a8d3-26ce4cf678a3",
            "089e9c97-d827-4cda-bed7-206990952f82"
          ],
          "failures": [],
          "pending": [],
          "skipped": [],
          "duration": 3,
          "root": false,
          "rootEmpty": false,
          "_timeout": 2000
        },
        {
          "uuid": "c5a9086e-8450-499c-a8a1-cb5508650a04",
          "title": "isEmpty.js",
          "fullFile": "E:\\MSC-Tampere-University\\Software Testing\\ST Project\\Software-Testing-Project\\test\\isEmpty.test.js",
          "file": "\\test\\isEmpty.test.js",
          "beforeHooks": [],
          "afterHooks": [],
          "tests": [
            {
              "title": "empty set",
              "fullTitle": "isEmpty.js empty set",
              "timedOut": false,
              "duration": 1,
              "state": "passed",
              "speed": "fast",
              "pass": true,
              "fail": false,
              "pending": false,
              "context": null,
              "code": "chai.expect(isEmpty(new Set())).to.equal(true)",
              "err": {},
              "uuid": "fae52853-07cd-4295-b028-a4edbbf4056a",
              "parentUUID": "c5a9086e-8450-499c-a8a1-cb5508650a04",
              "isHook": false,
              "skipped": false
            },
            {
              "title": "empty map",
              "fullTitle": "isEmpty.js empty map",
              "timedOut": false,
              "duration": 0,
              "state": "passed",
              "speed": "fast",
              "pass": true,
              "fail": false,
              "pending": false,
              "context": null,
              "code": "chai.expect(isEmpty(new Map())).to.equal(true)",
              "err": {},
              "uuid": "892d6540-aa09-4200-a18d-188a12953549",
              "parentUUID": "c5a9086e-8450-499c-a8a1-cb5508650a04",
              "isHook": false,
              "skipped": false
            },
            {
              "title": "empty check on null",
              "fullTitle": "isEmpty.js empty check on null",
              "timedOut": false,
              "duration": 0,
              "state": "passed",
              "speed": "fast",
              "pass": true,
              "fail": false,
              "pending": false,
              "context": null,
              "code": "chai.expect(isEmpty(null)).to.equal(true)",
              "err": {},
              "uuid": "e5955276-9ee4-4134-b6c2-5b6641c30f59",
              "parentUUID": "c5a9086e-8450-499c-a8a1-cb5508650a04",
              "isHook": false,
              "skipped": false
            },
            {
              "title": "empty check on boolean",
              "fullTitle": "isEmpty.js empty check on boolean",
              "timedOut": false,
              "duration": 0,
              "state": "passed",
              "speed": "fast",
              "pass": true,
              "fail": false,
              "pending": false,
              "context": null,
              "code": "chai.expect(isEmpty(true)).to.equal(true)",
              "err": {},
              "uuid": "cd0780a8-7757-47ff-875d-416a92e3d223",
              "parentUUID": "c5a9086e-8450-499c-a8a1-cb5508650a04",
              "isHook": false,
              "skipped": false
            },
            {
              "title": "empty check empty string",
              "fullTitle": "isEmpty.js empty check empty string",
              "timedOut": false,
              "duration": 0,
              "state": "passed",
              "speed": "fast",
              "pass": true,
              "fail": false,
              "pending": false,
              "context": null,
              "code": "chai.expect(isEmpty('')).to.equal(true)",
              "err": {},
              "uuid": "d67dd079-0ede-4c9f-801f-39b00a91e172",
              "parentUUID": "c5a9086e-8450-499c-a8a1-cb5508650a04",
              "isHook": false,
              "skipped": false
            },
            {
              "title": "non empty object",
              "fullTitle": "isEmpty.js non empty object",
              "timedOut": false,
              "duration": 0,
              "state": "passed",
              "speed": "fast",
              "pass": true,
              "fail": false,
              "pending": false,
              "context": null,
              "code": "var mappy = ({firsth:1,second:'',},{firsth:2,second:''})\nchai.expect(isEmpty(mappy)).to.equal(false)",
              "err": {},
              "uuid": "70996a5d-0895-432d-9d50-4edb8c3127b2",
              "parentUUID": "c5a9086e-8450-499c-a8a1-cb5508650a04",
              "isHook": false,
              "skipped": false
            },
            {
              "title": "non empty array",
              "fullTitle": "isEmpty.js non empty array",
              "timedOut": false,
              "duration": 0,
              "state": "passed",
              "speed": "fast",
              "pass": true,
              "fail": false,
              "pending": false,
              "context": null,
              "code": "var new_array = [1,2,3,4]\nchai.expect(isEmpty(new_array)).to.equal(false)",
              "err": {},
              "uuid": "1d4f7711-3102-482f-be0b-e69666702b73",
              "parentUUID": "c5a9086e-8450-499c-a8a1-cb5508650a04",
              "isHook": false,
              "skipped": false
            },
            {
              "title": "empty check on String",
              "fullTitle": "isEmpty.js empty check on String",
              "timedOut": false,
              "duration": 0,
              "state": "passed",
              "speed": "fast",
              "pass": true,
              "fail": false,
              "pending": false,
              "context": null,
              "code": "chai.expect(isEmpty('abc')).to.equal(false)",
              "err": {},
              "uuid": "e60766fc-f7cc-4119-8bba-f4d7b06f26a1",
              "parentUUID": "c5a9086e-8450-499c-a8a1-cb5508650a04",
              "isHook": false,
              "skipped": false
            }
          ],
          "suites": [],
          "passes": [
            "fae52853-07cd-4295-b028-a4edbbf4056a",
            "892d6540-aa09-4200-a18d-188a12953549",
            "e5955276-9ee4-4134-b6c2-5b6641c30f59",
            "cd0780a8-7757-47ff-875d-416a92e3d223",
            "d67dd079-0ede-4c9f-801f-39b00a91e172",
            "70996a5d-0895-432d-9d50-4edb8c3127b2",
            "1d4f7711-3102-482f-be0b-e69666702b73",
            "e60766fc-f7cc-4119-8bba-f4d7b06f26a1"
          ],
          "failures": [],
          "pending": [],
          "skipped": [],
          "duration": 1,
          "root": false,
          "rootEmpty": false,
          "_timeout": 2000
        },
        {
          "uuid": "10765fea-8315-4c0a-be67-fcff26fc12bd",
          "title": "isLength.js",
          "fullFile": "E:\\MSC-Tampere-University\\Software Testing\\ST Project\\Software-Testing-Project\\test\\isLength.test.js",
          "file": "\\test\\isLength.test.js",
          "beforeHooks": [],
          "afterHooks": [],
          "tests": [
            {
              "title": "test with too high number",
              "fullTitle": "isLength.js test with too high number",
              "timedOut": false,
              "duration": 0,
              "state": "passed",
              "speed": "fast",
              "pass": true,
              "fail": false,
              "pending": false,
              "context": null,
              "code": "chai.expect(isLength(Number.MAX_SAFE_INTEGER + 1)).to.equal(false)",
              "err": {},
              "uuid": "d8e9c5db-b118-4b8b-8227-e8860acadc7c",
              "parentUUID": "10765fea-8315-4c0a-be67-fcff26fc12bd",
              "isHook": false,
              "skipped": false
            },
            {
              "title": "test a negative number",
              "fullTitle": "isLength.js test a negative number",
              "timedOut": false,
              "duration": 0,
              "state": "passed",
              "speed": "fast",
              "pass": true,
              "fail": false,
              "pending": false,
              "context": null,
              "code": "chai.expect(isLength(-5)).to.equal(false)",
              "err": {},
              "uuid": "896ce108-3a5b-41c6-9ece-d2b9fe6f6129",
              "parentUUID": "10765fea-8315-4c0a-be67-fcff26fc12bd",
              "isHook": false,
              "skipped": false
            },
            {
              "title": "test a postive number less than MAX",
              "fullTitle": "isLength.js test a postive number less than MAX",
              "timedOut": false,
              "duration": 1,
              "state": "passed",
              "speed": "fast",
              "pass": true,
              "fail": false,
              "pending": false,
              "context": null,
              "code": "chai.expect(isLength(5)).to.equal(true);",
              "err": {},
              "uuid": "15f0b422-beec-47e2-8597-66b0ddb43ece",
              "parentUUID": "10765fea-8315-4c0a-be67-fcff26fc12bd",
              "isHook": false,
              "skipped": false
            },
            {
              "title": "test the minimum integer",
              "fullTitle": "isLength.js test the minimum integer",
              "timedOut": false,
              "duration": 0,
              "state": "passed",
              "speed": "fast",
              "pass": true,
              "fail": false,
              "pending": false,
              "context": null,
              "code": "chai.expect(isLength(Number.MIN_VALUE)).to.equal(false);",
              "err": {},
              "uuid": "7024d2fd-2900-4adc-b2a0-88a1ab9547cf",
              "parentUUID": "10765fea-8315-4c0a-be67-fcff26fc12bd",
              "isHook": false,
              "skipped": false
            },
            {
              "title": "test the infinity as the lenght",
              "fullTitle": "isLength.js test the infinity as the lenght",
              "timedOut": false,
              "duration": 0,
              "state": "passed",
              "speed": "fast",
              "pass": true,
              "fail": false,
              "pending": false,
              "context": null,
              "code": "chai.expect(isLength(Infinity)).to.equal(false);",
              "err": {},
              "uuid": "1e7aea67-71e5-432b-9bbd-76664378bb69",
              "parentUUID": "10765fea-8315-4c0a-be67-fcff26fc12bd",
              "isHook": false,
              "skipped": false
            },
            {
              "title": "test non number format input as the length",
              "fullTitle": "isLength.js test non number format input as the length",
              "timedOut": false,
              "duration": 0,
              "state": "passed",
              "speed": "fast",
              "pass": true,
              "fail": false,
              "pending": false,
              "context": null,
              "code": "chai.expect(isLength('5')).to.equal(false);",
              "err": {},
              "uuid": "630b4be7-4b53-409d-963b-2ed26d3ef974",
              "parentUUID": "10765fea-8315-4c0a-be67-fcff26fc12bd",
              "isHook": false,
              "skipped": false
            }
          ],
          "suites": [],
          "passes": [
            "d8e9c5db-b118-4b8b-8227-e8860acadc7c",
            "896ce108-3a5b-41c6-9ece-d2b9fe6f6129",
            "15f0b422-beec-47e2-8597-66b0ddb43ece",
            "7024d2fd-2900-4adc-b2a0-88a1ab9547cf",
            "1e7aea67-71e5-432b-9bbd-76664378bb69",
            "630b4be7-4b53-409d-963b-2ed26d3ef974"
          ],
          "failures": [],
          "pending": [],
          "skipped": [],
          "duration": 1,
          "root": false,
          "rootEmpty": false,
          "_timeout": 2000
        },
        {
          "uuid": "76e0e80f-5101-48cd-8f96-45f2c89eb53d",
          "title": "memoize.js",
          "fullFile": "E:\\MSC-Tampere-University\\Software Testing\\ST Project\\Software-Testing-Project\\test\\memoize.test.js",
          "file": "\\test\\memoize.test.js",
          "beforeHooks": [],
          "afterHooks": [],
          "tests": [
            {
              "title": "input of array without resolver",
              "fullTitle": "memoize.js input of array without resolver",
              "timedOut": false,
              "duration": 0,
              "state": "passed",
              "speed": "fast",
              "pass": true,
              "fail": false,
              "pending": false,
              "context": null,
              "code": "const data = memoize(() => [1, 2, 3, 4])\nchai.expect([...data.cache].length).to.equal(0)",
              "err": {},
              "uuid": "6e625c21-d91e-4e42-9106-acc060412893",
              "parentUUID": "76e0e80f-5101-48cd-8f96-45f2c89eb53d",
              "isHook": false,
              "skipped": false
            }
          ],
          "suites": [],
          "passes": [
            "6e625c21-d91e-4e42-9106-acc060412893"
          ],
          "failures": [],
          "pending": [],
          "skipped": [],
          "duration": 0,
          "root": false,
          "rootEmpty": false,
          "_timeout": 2000
        },
        {
          "uuid": "279331ef-e972-4f83-99e4-560fa70bc577",
          "title": "toFinite.js",
          "fullFile": "E:\\MSC-Tampere-University\\Software Testing\\ST Project\\Software-Testing-Project\\test\\toFinite.js",
          "file": "\\test\\toFinite.js",
          "beforeHooks": [],
          "afterHooks": [],
          "tests": [
            {
              "title": "test with big numbers",
              "fullTitle": "toFinite.js test with big numbers",
              "timedOut": false,
              "duration": 0,
              "state": "passed",
              "speed": "fast",
              "pass": true,
              "fail": false,
              "pending": false,
              "context": null,
              "code": "chai.expect(toFinite(848000000)).to.equal(8.48e+8)\nchai.expect(toFinite(1.7976931348623158e+308)).to.equal(1.7976931348623157e+308)\nchai.expect(toFinite(-1.7976931348623157e+308)).to.equal(-1.7976931348623157e+308)",
              "err": {},
              "uuid": "59cf8d30-0346-4b15-9943-978283b2f0a0",
              "parentUUID": "279331ef-e972-4f83-99e4-560fa70bc577",
              "isHook": false,
              "skipped": false
            }
          ],
          "suites": [],
          "passes": [
            "59cf8d30-0346-4b15-9943-978283b2f0a0"
          ],
          "failures": [],
          "pending": [],
          "skipped": [],
          "duration": 0,
          "root": false,
          "rootEmpty": false,
          "_timeout": 2000
        },
        {
          "uuid": "1c578e4d-0a92-4a8c-b2eb-2da0faec007a",
          "title": "toFinite.js",
          "fullFile": "E:\\MSC-Tampere-University\\Software Testing\\ST Project\\Software-Testing-Project\\test\\toFinite.test.js",
          "file": "\\test\\toFinite.test.js",
          "beforeHooks": [],
          "afterHooks": [],
          "tests": [
            {
              "title": "848000000 to finite numbers",
              "fullTitle": "toFinite.js 848000000 to finite numbers",
              "timedOut": false,
              "duration": 0,
              "state": "passed",
              "speed": "fast",
              "pass": true,
              "fail": false,
              "pending": false,
              "context": null,
              "code": "chai.expect(toFinite(848000000)).to.equal(8.48e+8)",
              "err": {},
              "uuid": "63964c8b-c19e-4f9c-b2ca-ebe1ee55fd94",
              "parentUUID": "1c578e4d-0a92-4a8c-b2eb-2da0faec007a",
              "isHook": false,
              "skipped": false
            },
            {
              "title": "1.7976931348623158e+308 to finite numbers",
              "fullTitle": "toFinite.js 1.7976931348623158e+308 to finite numbers",
              "timedOut": false,
              "duration": 0,
              "state": "passed",
              "speed": "fast",
              "pass": true,
              "fail": false,
              "pending": false,
              "context": null,
              "code": "chai.expect(toFinite(1.7976931348623158e+308)).to.equal(1.7976931348623157e+308)",
              "err": {},
              "uuid": "964349cd-6e60-48bf-bab8-446c76243a8b",
              "parentUUID": "1c578e4d-0a92-4a8c-b2eb-2da0faec007a",
              "isHook": false,
              "skipped": false
            },
            {
              "title": "-1.7976931348623157e+308 to finite numbers",
              "fullTitle": "toFinite.js -1.7976931348623157e+308 to finite numbers",
              "timedOut": false,
              "duration": 0,
              "state": "passed",
              "speed": "fast",
              "pass": true,
              "fail": false,
              "pending": false,
              "context": null,
              "code": "chai.expect(toFinite(-1.7976931348623157e+308)).to.equal(-1.7976931348623157e+308)",
              "err": {},
              "uuid": "1bcfe357-6881-472b-87f9-3987a5f81a8f",
              "parentUUID": "1c578e4d-0a92-4a8c-b2eb-2da0faec007a",
              "isHook": false,
              "skipped": false
            }
          ],
          "suites": [],
          "passes": [
            "63964c8b-c19e-4f9c-b2ca-ebe1ee55fd94",
            "964349cd-6e60-48bf-bab8-446c76243a8b",
            "1bcfe357-6881-472b-87f9-3987a5f81a8f"
          ],
          "failures": [],
          "pending": [],
          "skipped": [],
          "duration": 0,
          "root": false,
          "rootEmpty": false,
          "_timeout": 2000
        },
        {
          "uuid": "adc2ce8f-b57b-459f-8bb6-fb62f969c7c3",
          "title": "toNumber.js",
          "fullFile": "E:\\MSC-Tampere-University\\Software Testing\\ST Project\\Software-Testing-Project\\test\\toNumber.test.js",
          "file": "\\test\\toNumber.test.js",
          "beforeHooks": [],
          "afterHooks": [],
          "tests": [
            {
              "title": "convert to float",
              "fullTitle": "toNumber.js convert to float",
              "timedOut": false,
              "duration": 0,
              "state": "passed",
              "speed": "fast",
              "pass": true,
              "fail": false,
              "pending": false,
              "context": null,
              "code": "chai.expect(toNumber('4.123')).equal(4.123)",
              "err": {},
              "uuid": "b023808b-1a2a-4d0c-bbd1-ad2280eda416",
              "parentUUID": "adc2ce8f-b57b-459f-8bb6-fb62f969c7c3",
              "isHook": false,
              "skipped": false
            },
            {
              "title": "convert negative number to float",
              "fullTitle": "toNumber.js convert negative number to float",
              "timedOut": false,
              "duration": 0,
              "state": "passed",
              "speed": "fast",
              "pass": true,
              "fail": false,
              "pending": false,
              "context": null,
              "code": "chai.expect(toNumber('-450.63')).to.equal(-450.63)",
              "err": {},
              "uuid": "75679e0e-ae20-422c-b5fa-9bfa5c8c487a",
              "parentUUID": "adc2ce8f-b57b-459f-8bb6-fb62f969c7c3",
              "isHook": false,
              "skipped": false
            },
            {
              "title": "NaN text to convert test",
              "fullTitle": "toNumber.js NaN text to convert test",
              "timedOut": false,
              "duration": 0,
              "state": "passed",
              "speed": "fast",
              "pass": true,
              "fail": false,
              "pending": false,
              "context": null,
              "code": "chai.expect(toNumber('12kuusi')).to.deep.equal(NaN)",
              "err": {},
              "uuid": "825c5103-05c1-43a1-9320-7041258829e5",
              "parentUUID": "adc2ce8f-b57b-459f-8bb6-fb62f969c7c3",
              "isHook": false,
              "skipped": false
            },
            {
              "title": "Object numbers",
              "fullTitle": "toNumber.js Object numbers",
              "timedOut": false,
              "duration": 0,
              "state": "passed",
              "speed": "fast",
              "pass": true,
              "fail": false,
              "pending": false,
              "context": null,
              "code": "chai.expect(toNumber(new Number(6))).to.equal(6)",
              "err": {},
              "uuid": "0645670d-a406-44bf-9811-4ebab9d3ac26",
              "parentUUID": "adc2ce8f-b57b-459f-8bb6-fb62f969c7c3",
              "isHook": false,
              "skipped": false
            },
            {
              "title": "empty string",
              "fullTitle": "toNumber.js empty string",
              "timedOut": false,
              "duration": 1,
              "state": "passed",
              "speed": "fast",
              "pass": true,
              "fail": false,
              "pending": false,
              "context": null,
              "code": "chai.expect(toNumber('')).to.equal(0)",
              "err": {},
              "uuid": "dd0d939d-820e-47fc-9550-2b5ce18ce21a",
              "parentUUID": "adc2ce8f-b57b-459f-8bb6-fb62f969c7c3",
              "isHook": false,
              "skipped": false
            }
          ],
          "suites": [],
          "passes": [
            "b023808b-1a2a-4d0c-bbd1-ad2280eda416",
            "75679e0e-ae20-422c-b5fa-9bfa5c8c487a",
            "825c5103-05c1-43a1-9320-7041258829e5",
            "0645670d-a406-44bf-9811-4ebab9d3ac26",
            "dd0d939d-820e-47fc-9550-2b5ce18ce21a"
          ],
          "failures": [],
          "pending": [],
          "skipped": [],
          "duration": 1,
          "root": false,
          "rootEmpty": false,
          "_timeout": 2000
        },
        {
          "uuid": "3229768d-0e66-47d9-be12-bbece3e7810a",
          "title": "words.js",
          "fullFile": "E:\\MSC-Tampere-University\\Software Testing\\ST Project\\Software-Testing-Project\\test\\words.test.js",
          "file": "\\test\\words.test.js",
          "beforeHooks": [],
          "afterHooks": [],
          "tests": [
            {
              "title": "seperate without specific pattern",
              "fullTitle": "words.js seperate without specific pattern",
              "timedOut": false,
              "duration": 1,
              "state": "passed",
              "speed": "fast",
              "pass": true,
              "fail": false,
              "pending": false,
              "context": null,
              "code": "chai.expect(words('2020, finland, tampere, helsinki,')).to.deep.equal(['2020' , 'finland', 'tampere', 'helsinki'])",
              "err": {},
              "uuid": "a20f8df3-5b79-462c-bc29-0603df00ad2d",
              "parentUUID": "3229768d-0e66-47d9-be12-bbece3e7810a",
              "isHook": false,
              "skipped": false
            },
            {
              "title": "seperate without specific pattern contains special characters",
              "fullTitle": "words.js seperate without specific pattern contains special characters",
              "timedOut": false,
              "duration": 0,
              "state": "passed",
              "speed": "fast",
              "pass": true,
              "fail": false,
              "pending": false,
              "context": null,
              "code": "chai.expect(words('may, the, force, & everything, be, with, you, @ all!')).to.deep.equal(['may' , 'the', 'force', 'everything','be','with', 'you', 'all'])",
              "err": {},
              "uuid": "397a1b65-307b-4f6f-b813-19e4529e3e16",
              "parentUUID": "3229768d-0e66-47d9-be12-bbece3e7810a",
              "isHook": false,
              "skipped": false
            },
            {
              "title": "seperate with given regex (space)",
              "fullTitle": "words.js seperate with given regex (space)",
              "timedOut": false,
              "duration": 1,
              "state": "passed",
              "speed": "fast",
              "pass": true,
              "fail": false,
              "pending": false,
              "context": null,
              "code": "chai.expect(words('5 flowers on the vase', /[^, ]+/g)).to.deep.equal(['5', 'flowers', 'on', 'the', 'vase'])",
              "err": {},
              "uuid": "ca4f98b3-e1e0-4ad1-a5a3-f7dd590d55b8",
              "parentUUID": "3229768d-0e66-47d9-be12-bbece3e7810a",
              "isHook": false,
              "skipped": false
            }
          ],
          "suites": [],
          "passes": [
            "a20f8df3-5b79-462c-bc29-0603df00ad2d",
            "397a1b65-307b-4f6f-b813-19e4529e3e16",
            "ca4f98b3-e1e0-4ad1-a5a3-f7dd590d55b8"
          ],
          "failures": [],
          "pending": [],
          "skipped": [],
          "duration": 2,
          "root": false,
          "rootEmpty": false,
          "_timeout": 2000
        }
      ],
      "passes": [],
      "failures": [],
      "pending": [],
      "skipped": [],
      "duration": 0,
      "root": true,
      "rootEmpty": true,
      "_timeout": 2000
    }
  ],
  "meta": {
    "mocha": {
      "version": "8.4.0"
    },
    "mochawesome": {
      "options": {
        "quiet": false,
        "reportFilename": "mochawesome",
        "saveHtml": true,
        "saveJson": true,
        "consoleReporter": "spec",
        "useInlineDiffs": false,
        "code": true
      },
      "version": "6.3.1"
    },
    "marge": {
      "options": null,
      "version": "5.2.0"
    }
  }
}