TN:
SF:src\add.js
FNF:0
FNH:0
DA:1,1
DA:2,1
DA:3,1
DA:4,1
DA:5,1
DA:6,1
DA:7,1
DA:8,1
DA:9,1
DA:10,1
DA:11,1
DA:12,1
DA:13,1
DA:14,1
DA:15,1
DA:16,1
DA:17,1
DA:18,1
LF:18
LH:18
BRDA:1,0,0,1
BRDA:16,1,0,3
BRF:2
BRH:2
end_of_record
TN:
SF:src\capitalize.js
FN:17,capitalize
FNF:1
FNH:1
FNDA:10,capitalize
DA:1,1
DA:2,1
DA:3,1
DA:4,1
DA:5,1
DA:6,1
DA:7,1
DA:8,1
DA:9,1
DA:10,1
DA:11,1
DA:12,1
DA:13,1
DA:14,1
DA:15,1
DA:16,1
DA:17,1
DA:18,1
DA:19,1
DA:20,1
LF:20
LH:20
BRDA:1,0,0,1
BRDA:17,1,0,10
BRF:2
BRH:2
end_of_record
TN:
SF:src\ceil.js
FNF:0
FNH:0
DA:1,1
DA:2,1
DA:3,1
DA:4,1
DA:5,1
DA:6,1
DA:7,1
DA:8,1
DA:9,1
DA:10,1
DA:11,1
DA:12,1
DA:13,1
DA:14,1
DA:15,1
DA:16,1
DA:17,1
DA:18,1
DA:19,1
DA:20,1
DA:21,1
DA:22,1
DA:23,1
DA:24,1
LF:24
LH:24
BRDA:1,0,0,1
BRF:1
BRH:1
end_of_record
TN:
SF:src\chunk.js
FN:22,chunk
FNF:1
FNH:1
FNDA:2,chunk
DA:1,1
DA:2,1
DA:3,1
DA:4,1
DA:5,1
DA:6,1
DA:7,1
DA:8,1
DA:9,1
DA:10,1
DA:11,1
DA:12,1
DA:13,1
DA:14,1
DA:15,1
DA:16,1
DA:17,1
DA:18,1
DA:19,1
DA:20,1
DA:21,1
DA:22,2
DA:23,2
DA:24,2
DA:25,2
DA:26,1
DA:27,1
DA:28,1
DA:29,1
DA:30,1
DA:31,1
DA:32,1
DA:33,1
DA:34,1
DA:35,1
DA:36,2
DA:37,1
DA:38,1
LF:38
LH:38
BRDA:1,0,0,1
BRDA:22,1,0,2
BRDA:24,2,0,1
BRDA:24,3,0,1
BRDA:25,4,0,1
BRDA:25,5,0,1
BRF:6
BRH:6
end_of_record
TN:
SF:src\filter.js
FN:24,filter
FNF:1
FNH:1
FNDA:3,filter
DA:1,1
DA:2,1
DA:3,1
DA:4,1
DA:5,1
DA:6,1
DA:7,1
DA:8,1
DA:9,1
DA:10,1
DA:11,1
DA:12,1
DA:13,1
DA:14,1
DA:15,1
DA:16,1
DA:17,1
DA:18,1
DA:19,1
DA:20,1
DA:21,1
DA:22,1
DA:23,1
DA:24,3
DA:25,3
DA:26,3
DA:27,3
DA:28,3
DA:29,3
DA:30,3
DA:31,4
DA:32,4
DA:33,2
DA:34,2
DA:35,4
DA:36,2
DA:37,3
DA:38,1
DA:39,1
LF:39
LH:39
BRDA:1,0,0,1
BRDA:24,1,0,3
BRDA:27,2,0,0
BRDA:30,3,0,4
BRDA:32,4,0,2
BRDA:36,5,0,2
BRF:6
BRH:5
end_of_record
TN:
SF:src\isArguments.js
FN:19,isArguments
FNF:1
FNH:0
FNDA:0,isArguments
DA:1,1
DA:2,1
DA:3,1
DA:4,1
DA:5,1
DA:6,1
DA:7,1
DA:8,1
DA:9,1
DA:10,1
DA:11,1
DA:12,1
DA:13,1
DA:14,1
DA:15,1
DA:16,1
DA:17,1
DA:18,1
DA:19,0
DA:20,0
DA:21,0
DA:22,1
DA:23,1
LF:23
LH:20
BRDA:1,0,0,1
BRF:1
BRH:1
end_of_record
TN:
SF:src\isArrayLike.js
FN:26,isArrayLike
FNF:1
FNH:1
FNDA:7,isArrayLike
DA:1,1
DA:2,1
DA:3,1
DA:4,1
DA:5,1
DA:6,1
DA:7,1
DA:8,1
DA:9,1
DA:10,1
DA:11,1
DA:12,1
DA:13,1
DA:14,1
DA:15,1
DA:16,1
DA:17,1
DA:18,1
DA:19,1
DA:20,1
DA:21,1
DA:22,1
DA:23,1
DA:24,1
DA:25,1
DA:26,7
DA:27,7
DA:28,7
DA:29,1
DA:30,1
LF:30
LH:30
BRDA:1,0,0,1
BRDA:26,1,0,7
BRF:2
BRH:2
end_of_record
TN:
SF:src\isBuffer.js
FN:33,isBuffer
FNF:1
FNH:0
FNDA:0,isBuffer
DA:1,1
DA:2,1
DA:3,1
DA:4,1
DA:5,1
DA:6,1
DA:7,1
DA:8,1
DA:9,1
DA:10,1
DA:11,1
DA:12,1
DA:13,1
DA:14,1
DA:15,1
DA:16,1
DA:17,1
DA:18,1
DA:19,1
DA:20,1
DA:21,1
DA:22,1
DA:23,1
DA:24,1
DA:25,1
DA:26,1
DA:27,1
DA:28,1
DA:29,1
DA:30,1
DA:31,1
DA:32,1
DA:33,1
DA:34,1
DA:35,1
LF:35
LH:35
BRDA:1,0,0,1
BRDA:4,1,0,0
BRDA:4,2,0,0
BRDA:4,3,0,0
BRDA:7,4,0,0
BRDA:7,5,0,0
BRDA:7,6,0,0
BRDA:7,7,0,0
BRDA:10,8,0,0
BRDA:13,9,0,0
BRDA:16,10,0,0
BRF:11
BRH:1
end_of_record
TN:
SF:src\isDate.js
FN:25,isDate
FNF:1
FNH:1
FNDA:2,isDate
DA:1,1
DA:2,1
DA:3,1
DA:4,1
DA:5,1
DA:6,1
DA:7,1
DA:8,1
DA:9,1
DA:10,1
DA:11,1
DA:12,1
DA:13,1
DA:14,1
DA:15,1
DA:16,1
DA:17,1
DA:18,1
DA:19,1
DA:20,1
DA:21,1
DA:22,1
DA:23,1
DA:24,1
DA:25,1
DA:26,1
DA:27,1
LF:27
LH:27
BRDA:1,0,0,1
BRDA:6,1,0,0
BRDA:24,2,0,0
BRDA:25,3,0,2
BRDA:25,4,0,1
BRF:5
BRH:3
end_of_record
TN:
SF:src\isEmpty.js
FN:45,isEmpty
FNF:1
FNH:1
FNDA:8,isEmpty
DA:1,1
DA:2,1
DA:3,1
DA:4,1
DA:5,1
DA:6,1
DA:7,1
DA:8,1
DA:9,1
DA:10,1
DA:11,1
DA:12,1
DA:13,1
DA:14,1
DA:15,1
DA:16,1
DA:17,1
DA:18,1
DA:19,1
DA:20,1
DA:21,1
DA:22,1
DA:23,1
DA:24,1
DA:25,1
DA:26,1
DA:27,1
DA:28,1
DA:29,1
DA:30,1
DA:31,1
DA:32,1
DA:33,1
DA:34,1
DA:35,1
DA:36,1
DA:37,1
DA:38,1
DA:39,1
DA:40,1
DA:41,1
DA:42,1
DA:43,1
DA:44,1
DA:45,8
DA:46,8
DA:47,1
DA:48,1
DA:49,8
DA:50,3
DA:51,8
DA:52,3
DA:53,3
DA:54,4
DA:55,8
DA:56,2
DA:57,2
DA:58,8
DA:59,0
DA:60,0
DA:61,8
DA:62,1
DA:63,1
DA:64,1
DA:65,1
DA:66,1
DA:67,8
DA:68,1
DA:69,1
LF:69
LH:67
BRDA:1,0,0,1
BRDA:45,1,0,8
BRDA:46,2,0,1
BRDA:49,3,0,7
BRDA:49,4,0,3
BRDA:50,5,0,2
BRDA:50,6,0,0
BRDA:50,7,0,0
BRDA:51,8,0,0
BRDA:51,9,0,0
BRDA:51,10,0,3
BRDA:54,11,0,4
BRDA:55,12,0,3
BRDA:55,13,0,2
BRDA:58,14,0,0
BRDA:61,15,0,2
BRDA:61,16,0,1
BRF:17
BRH:12
end_of_record
TN:
SF:src\isLength.js
FN:28,isLength
FNF:1
FNH:1
FNDA:13,isLength
DA:1,1
DA:2,1
DA:3,1
DA:4,1
DA:5,1
DA:6,1
DA:7,1
DA:8,1
DA:9,1
DA:10,1
DA:11,1
DA:12,1
DA:13,1
DA:14,1
DA:15,1
DA:16,1
DA:17,1
DA:18,1
DA:19,1
DA:20,1
DA:21,1
DA:22,1
DA:23,1
DA:24,1
DA:25,1
DA:26,1
DA:27,1
DA:28,13
DA:29,13
DA:30,13
DA:31,13
DA:32,1
DA:33,1
LF:33
LH:33
BRDA:1,0,0,1
BRDA:28,1,0,13
BRDA:29,2,0,8
BRDA:30,3,0,7
BRDA:30,4,0,5
BRF:5
BRH:5
end_of_record
TN:
SF:src\isObject.js
FN:24,isObject
FNF:1
FNH:1
FNDA:6,isObject
DA:1,1
DA:2,1
DA:3,1
DA:4,1
DA:5,1
DA:6,1
DA:7,1
DA:8,1
DA:9,1
DA:10,1
DA:11,1
DA:12,1
DA:13,1
DA:14,1
DA:15,1
DA:16,1
DA:17,1
DA:18,1
DA:19,1
DA:20,1
DA:21,1
DA:22,1
DA:23,1
DA:24,6
DA:25,6
DA:26,6
DA:27,6
DA:28,1
DA:29,1
LF:29
LH:29
BRDA:1,0,0,1
BRDA:24,1,0,6
BRDA:26,2,0,5
BRF:3
BRH:3
end_of_record
TN:
SF:src\isObjectLike.js
FN:23,isObjectLike
FNF:1
FNH:1
FNDA:2,isObjectLike
DA:1,1
DA:2,1
DA:3,1
DA:4,1
DA:5,1
DA:6,1
DA:7,1
DA:8,1
DA:9,1
DA:10,1
DA:11,1
DA:12,1
DA:13,1
DA:14,1
DA:15,1
DA:16,1
DA:17,1
DA:18,1
DA:19,1
DA:20,1
DA:21,1
DA:22,1
DA:23,2
DA:24,2
DA:25,2
DA:26,1
DA:27,1
LF:27
LH:27
BRDA:1,0,0,1
BRDA:23,1,0,2
BRDA:24,2,0,1
BRF:3
BRH:3
end_of_record
TN:
SF:src\isSymbol.js
FN:18,isSymbol
FNF:1
FNH:1
FNDA:10,isSymbol
DA:1,1
DA:2,1
DA:3,1
DA:4,1
DA:5,1
DA:6,1
DA:7,1
DA:8,1
DA:9,1
DA:10,1
DA:11,1
DA:12,1
DA:13,1
DA:14,1
DA:15,1
DA:16,1
DA:17,1
DA:18,10
DA:19,10
DA:20,10
DA:21,10
DA:22,1
DA:23,1
LF:23
LH:23
BRDA:1,0,0,1
BRDA:18,1,0,10
BRDA:20,2,0,3
BRDA:20,3,0,2
BRF:4
BRH:4
end_of_record
TN:
SF:src\isTypedArray.js
FN:28,isTypedArray
FNF:1
FNH:0
FNDA:0,isTypedArray
DA:1,1
DA:2,1
DA:3,1
DA:4,1
DA:5,1
DA:6,1
DA:7,1
DA:8,1
DA:9,1
DA:10,1
DA:11,1
DA:12,1
DA:13,1
DA:14,1
DA:15,1
DA:16,1
DA:17,1
DA:18,1
DA:19,1
DA:20,1
DA:21,1
DA:22,1
DA:23,1
DA:24,1
DA:25,1
DA:26,1
DA:27,1
DA:28,1
DA:29,1
DA:30,1
LF:30
LH:30
BRDA:1,0,0,1
BRDA:9,1,0,0
BRDA:27,2,0,0
BRF:3
BRH:1
end_of_record
TN:
SF:src\memoize.js
FN:43,memoize
FN:47,memoized
FNF:2
FNH:1
FNDA:1,memoize
FNDA:0,memoized
DA:1,1
DA:2,1
DA:3,1
DA:4,1
DA:5,1
DA:6,1
DA:7,1
DA:8,1
DA:9,1
DA:10,1
DA:11,1
DA:12,1
DA:13,1
DA:14,1
DA:15,1
DA:16,1
DA:17,1
DA:18,1
DA:19,1
DA:20,1
DA:21,1
DA:22,1
DA:23,1
DA:24,1
DA:25,1
DA:26,1
DA:27,1
DA:28,1
DA:29,1
DA:30,1
DA:31,1
DA:32,1
DA:33,1
DA:34,1
DA:35,1
DA:36,1
DA:37,1
DA:38,1
DA:39,1
DA:40,1
DA:41,1
DA:42,1
DA:43,1
DA:44,1
DA:45,0
DA:46,0
DA:47,1
DA:48,0
DA:49,0
DA:50,0
DA:51,0
DA:52,0
DA:53,0
DA:54,0
DA:55,0
DA:56,0
DA:57,0
DA:58,1
DA:59,1
DA:60,1
DA:61,1
DA:62,1
DA:63,1
DA:64,1
LF:64
LH:52
BRDA:1,0,0,1
BRDA:43,1,0,1
BRDA:44,2,0,0
BRDA:44,3,0,0
BRDA:58,4,0,0
BRF:5
BRH:2
end_of_record
TN:
SF:src\slice.js
FN:21,slice
FNF:1
FNH:1
FNDA:1,slice
DA:1,1
DA:2,1
DA:3,1
DA:4,1
DA:5,1
DA:6,1
DA:7,1
DA:8,1
DA:9,1
DA:10,1
DA:11,1
DA:12,1
DA:13,1
DA:14,1
DA:15,1
DA:16,1
DA:17,1
DA:18,1
DA:19,1
DA:20,1
DA:21,1
DA:22,1
DA:23,1
DA:24,0
DA:25,0
DA:26,1
DA:27,1
DA:28,1
DA:29,1
DA:30,0
DA:31,0
DA:32,1
DA:33,0
DA:34,0
DA:35,1
DA:36,1
DA:37,1
DA:38,1
DA:39,1
DA:40,1
DA:41,6
DA:42,6
DA:43,1
DA:44,1
DA:45,1
DA:46,1
LF:46
LH:40
BRDA:1,0,0,1
BRDA:21,1,0,1
BRDA:22,2,0,0
BRDA:23,3,0,0
BRDA:26,4,0,0
BRDA:27,5,0,0
BRDA:29,6,0,0
BRDA:32,7,0,0
BRDA:35,8,0,0
BRDA:40,9,0,6
BRF:10
BRH:3
end_of_record
TN:
SF:src\toFinite.js
FN:28,toFinite
FNF:1
FNH:1
FNDA:8,toFinite
DA:1,1
DA:2,1
DA:3,1
DA:4,1
DA:5,1
DA:6,1
DA:7,1
DA:8,1
DA:9,1
DA:10,1
DA:11,1
DA:12,1
DA:13,1
DA:14,1
DA:15,1
DA:16,1
DA:17,1
DA:18,1
DA:19,1
DA:20,1
DA:21,1
DA:22,1
DA:23,1
DA:24,1
DA:25,1
DA:26,1
DA:27,1
DA:28,8
DA:29,8
DA:30,0
DA:31,0
DA:32,8
DA:33,8
DA:34,0
DA:35,0
DA:36,0
DA:37,8
DA:38,8
DA:39,1
DA:40,1
LF:40
LH:35
BRDA:1,0,0,1
BRDA:28,1,0,8
BRDA:29,2,0,0
BRDA:33,3,0,0
BRDA:37,4,0,0
BRF:5
BRH:2
end_of_record
TN:
SF:src\toInteger.js
FN:28,toInteger
FNF:1
FNH:1
FNDA:2,toInteger
DA:1,1
DA:2,1
DA:3,1
DA:4,1
DA:5,1
DA:6,1
DA:7,1
DA:8,1
DA:9,1
DA:10,1
DA:11,1
DA:12,1
DA:13,1
DA:14,1
DA:15,1
DA:16,1
DA:17,1
DA:18,1
DA:19,1
DA:20,1
DA:21,1
DA:22,1
DA:23,1
DA:24,1
DA:25,1
DA:26,1
DA:27,1
DA:28,2
DA:29,2
DA:30,2
DA:31,2
DA:32,2
DA:33,2
DA:34,1
DA:35,1
LF:35
LH:35
BRDA:1,0,0,1
BRDA:28,1,0,2
BRDA:32,2,0,0
BRF:3
BRH:2
end_of_record
TN:
SF:src\toNumber.js
FN:44,toNumber
FNF:1
FNH:1
FNDA:13,toNumber
DA:1,1
DA:2,1
DA:3,1
DA:4,1
DA:5,1
DA:6,1
DA:7,1
DA:8,1
DA:9,1
DA:10,1
DA:11,1
DA:12,1
DA:13,1
DA:14,1
DA:15,1
DA:16,1
DA:17,1
DA:18,1
DA:19,1
DA:20,1
DA:21,1
DA:22,1
DA:23,1
DA:24,1
DA:25,1
DA:26,1
DA:27,1
DA:28,1
DA:29,1
DA:30,1
DA:31,1
DA:32,1
DA:33,1
DA:34,1
DA:35,1
DA:36,1
DA:37,1
DA:38,1
DA:39,1
DA:40,1
DA:41,1
DA:42,1
DA:43,1
DA:44,13
DA:45,13
DA:46,8
DA:47,8
DA:48,13
DA:49,0
DA:50,0
DA:51,13
DA:52,1
DA:53,1
DA:54,1
DA:55,13
DA:56,1
DA:57,1
DA:58,4
DA:59,4
DA:60,13
DA:61,13
DA:62,13
DA:63,13
DA:64,1
DA:65,1
LF:65
LH:63
BRDA:1,0,0,1
BRDA:44,1,0,13
BRDA:45,2,0,8
BRDA:48,3,0,5
BRDA:48,4,0,0
BRDA:51,5,0,5
BRDA:51,6,0,1
BRDA:52,7,0,0
BRDA:53,8,0,0
BRDA:55,9,0,5
BRDA:55,10,0,1
BRDA:56,11,0,0
BRDA:58,12,0,4
BRDA:61,13,0,0
BRDA:62,14,0,4
BRDA:62,15,0,0
BRF:16
BRH:10
end_of_record
TN:
SF:src\toString.js
FN:25,toString
FNF:1
FNH:1
FNDA:10,toString
DA:1,1
DA:2,1
DA:3,1
DA:4,1
DA:5,1
DA:6,1
DA:7,1
DA:8,1
DA:9,1
DA:10,1
DA:11,1
DA:12,1
DA:13,1
DA:14,1
DA:15,1
DA:16,1
DA:17,1
DA:18,1
DA:19,1
DA:20,1
DA:21,1
DA:22,1
DA:23,1
DA:24,1
DA:25,10
DA:26,10
DA:27,10
DA:28,10
DA:29,6
DA:30,6
DA:31,10
DA:32,0
DA:33,0
DA:34,0
DA:35,10
DA:36,0
DA:37,0
DA:38,4
DA:39,10
DA:40,10
DA:41,1
DA:42,1
LF:42
LH:37
BRDA:1,0,0,1
BRDA:25,1,0,10
BRDA:28,2,0,6
BRDA:31,3,0,4
BRDA:31,4,0,0
BRDA:35,5,0,4
BRDA:35,6,0,0
BRDA:38,7,0,4
BRDA:39,8,0,0
BRDA:39,9,0,0
BRDA:39,10,0,4
BRF:11
BRH:7
end_of_record
TN:
SF:src\upperFirst.js
FNF:0
FNH:0
DA:1,1
DA:2,1
DA:3,1
DA:4,1
DA:5,1
DA:6,1
DA:7,1
DA:8,1
DA:9,1
DA:10,1
DA:11,1
DA:12,1
DA:13,1
DA:14,1
DA:15,1
DA:16,1
DA:17,1
DA:18,1
DA:19,1
DA:20,1
DA:21,1
LF:21
LH:21
BRDA:1,0,0,1
BRF:1
BRH:1
end_of_record
TN:
SF:src\words.js
FN:10,asciiWords
FN:30,words
FNF:2
FNH:1
FNDA:0,asciiWords
FNDA:3,words
DA:1,1
DA:2,1
DA:3,1
DA:4,1
DA:5,1
DA:6,1
DA:7,1
DA:8,1
DA:9,1
DA:10,0
DA:11,0
DA:12,0
DA:13,1
DA:14,1
DA:15,1
DA:16,1
DA:17,1
DA:18,1
DA:19,1
DA:20,1
DA:21,1
DA:22,1
DA:23,1
DA:24,1
DA:25,1
DA:26,1
DA:27,1
DA:28,1
DA:29,1
DA:30,3
DA:31,3
DA:32,2
DA:33,2
DA:34,2
DA:35,3
DA:36,3
DA:37,1
DA:38,1
LF:38
LH:35
BRDA:1,0,0,1
BRDA:30,1,0,3
BRDA:31,2,0,2
BRDA:32,3,0,0
BRDA:33,4,0,0
BRDA:35,5,0,1
BRDA:35,6,0,0
BRF:7
BRH:4
end_of_record
